<?xml version="1.0" encoding="UTF-8"?>
<!-- Generated by org.testng.reporters.JUnitReportReporter -->
<testsuite name="net.me.test.TestCase" tests="1" time="0.965" ignored="0" failures="0" timestamp="25 feb 2017 04:06:09 GMT" skipped="0" hostname="zchumager-lap" errors="0">
  <testcase name="testDatapoolReader" time="0.965" classname="net.me.test.TestCase"/>
</testsuite> <!-- net.me.test.TestCase -->
